astroapp/android/app/build/intermediates/manifest_merge_blame_file/release/processReleaseMainManifest/manifest-merger-blame-release-report.txt
1<?xml version="1.0" encoding="utf-8"?>
2<!--
3    AndroidManifest.xml for FCM Incoming Call App
4
5    WHY THESE PERMISSIONS EXIST:
6    - INTERNET: Required for FCM and API calls
7    - POST_NOTIFICATIONS: Required for Android 13+ to show any notifications
8    - FOREGROUND_SERVICE: Required to keep call handling alive
9    - FOREGROUND_SERVICE_PHONE_CALL: Android 14+ requires specific foreground service types
10    - USE_FULL_SCREEN_INTENT: Allows full-screen intent on lock screen
11    - VIBRATE: Vibrate device on incoming call
12    - WAKE_LOCK: Keep CPU awake during call processing
13    - RECEIVE_BOOT_COMPLETED: Optional - re-register FCM token after device reboot
14-->
15<manifest xmlns:android="http://schemas.android.com/apk/res/android"
16    package="com.astroluna"
17    android:versionCode="2"
18    android:versionName="5.5.1" >
19
20    <uses-sdk
21        android:minSdkVersion="24"
22        android:targetSdkVersion="35" />
23
24    <!-- Network permissions -->
25    <uses-permission android:name="android.permission.INTERNET" />
25-->src/main/AndroidManifest.xml:19:5-67
25-->src/main/AndroidManifest.xml:19:22-64
26    <uses-permission android:name="android.permission.ACCESS_NETWORK_STATE" />
26-->src/main/AndroidManifest.xml:20:5-79
26-->src/main/AndroidManifest.xml:20:22-76
27
28    <!-- Notification permission (Android 13+) -->
29    <uses-permission android:name="android.permission.POST_NOTIFICATIONS" />
29-->src/main/AndroidManifest.xml:23:5-77
29-->src/main/AndroidManifest.xml:23:22-74
30
31    <!-- Foreground service permissions -->
32    <uses-permission android:name="android.permission.FOREGROUND_SERVICE" />
32-->src/main/AndroidManifest.xml:26:5-77
32-->src/main/AndroidManifest.xml:26:22-74
33    <uses-permission android:name="android.permission.FOREGROUND_SERVICE_PHONE_CALL" />
33-->src/main/AndroidManifest.xml:27:5-88
33-->src/main/AndroidManifest.xml:27:22-85
34    <uses-permission android:name="android.permission.FOREGROUND_SERVICE_MICROPHONE" />
34-->src/main/AndroidManifest.xml:28:5-88
34-->src/main/AndroidManifest.xml:28:22-85
35    <uses-permission android:name="android.permission.MANAGE_OWN_CALLS" />
35-->src/main/AndroidManifest.xml:29:5-75
35-->src/main/AndroidManifest.xml:29:22-72
36    <uses-permission android:name="android.permission.SYSTEM_ALERT_WINDOW" />
36-->src/main/AndroidManifest.xml:30:5-78
36-->src/main/AndroidManifest.xml:30:22-75
37
38    <!-- Full screen intent for lock screen (incoming call UI) -->
39    <uses-permission android:name="android.permission.USE_FULL_SCREEN_INTENT" />
39-->src/main/AndroidManifest.xml:33:5-81
39-->src/main/AndroidManifest.xml:33:22-78
40
41    <!-- Ringtone and vibration -->
42    <uses-permission android:name="android.permission.VIBRATE" />
42-->src/main/AndroidManifest.xml:36:5-66
42-->src/main/AndroidManifest.xml:36:22-63
43
44    <!-- Keep CPU awake during call processing -->
45    <uses-permission android:name="android.permission.WAKE_LOCK" />
45-->src/main/AndroidManifest.xml:39:5-68
45-->src/main/AndroidManifest.xml:39:22-65
46
47    <!-- Optional: Re-register after reboot -->
48    <uses-permission android:name="android.permission.RECEIVE_BOOT_COMPLETED" />
48-->src/main/AndroidManifest.xml:42:5-81
48-->src/main/AndroidManifest.xml:42:22-78
49
50    <!-- WebRTC Permissions -->
51    <uses-permission android:name="android.permission.BLUETOOTH_CONNECT" />
51-->src/main/AndroidManifest.xml:45:5-76
51-->src/main/AndroidManifest.xml:45:22-73
52    <uses-permission android:name="android.permission.CAMERA" />
52-->src/main/AndroidManifest.xml:46:5-65
52-->src/main/AndroidManifest.xml:46:22-62
53    <uses-permission android:name="android.permission.RECORD_AUDIO" />
53-->src/main/AndroidManifest.xml:47:5-71
53-->src/main/AndroidManifest.xml:47:22-68
54    <uses-permission android:name="android.permission.MODIFY_AUDIO_SETTINGS" />
54-->src/main/AndroidManifest.xml:48:5-80
54-->src/main/AndroidManifest.xml:48:22-77
55
56    <!-- Queries required for Android 11+ to open external UPI apps -->
57    <queries>
57-->src/main/AndroidManifest.xml:51:5-74:15
58        <package android:name="com.phonepe.app" />
58-->src/main/AndroidManifest.xml:52:9-51
58-->src/main/AndroidManifest.xml:52:18-48
59        <package android:name="com.phonepe.app.business" />
59-->src/main/AndroidManifest.xml:53:9-60
59-->src/main/AndroidManifest.xml:53:18-57
60        <package android:name="com.google.android.apps.nbu.paisa.user" />
60-->src/main/AndroidManifest.xml:54:9-74
60-->src/main/AndroidManifest.xml:54:18-71
61        <package android:name="net.one97.paytm" />
61-->src/main/AndroidManifest.xml:55:9-51
61-->src/main/AndroidManifest.xml:55:18-48
62        <package android:name="in.org.npci.upiapp" />
62-->src/main/AndroidManifest.xml:56:9-54
62-->src/main/AndroidManifest.xml:56:18-51
63        <package android:name="com.whatsapp" />
63-->src/main/AndroidManifest.xml:57:9-48
63-->src/main/AndroidManifest.xml:57:18-45
64
65        <intent>
65-->src/main/AndroidManifest.xml:58:9-61:18
66            <action android:name="android.intent.action.VIEW" />
66-->src/main/AndroidManifest.xml:59:13-65
66-->src/main/AndroidManifest.xml:59:21-62
67
68            <data android:scheme="upi" />
68-->src/main/AndroidManifest.xml:60:13-42
68-->src/main/AndroidManifest.xml:60:19-39
69        </intent>
70        <intent>
70-->src/main/AndroidManifest.xml:62:9-65:18
71            <action android:name="android.intent.action.VIEW" />
71-->src/main/AndroidManifest.xml:59:13-65
71-->src/main/AndroidManifest.xml:59:21-62
72
73            <data android:scheme="paytmmp" />
73-->src/main/AndroidManifest.xml:60:13-42
73-->src/main/AndroidManifest.xml:60:19-39
74        </intent>
75        <intent>
75-->src/main/AndroidManifest.xml:66:9-69:18
76            <action android:name="android.intent.action.VIEW" />
76-->src/main/AndroidManifest.xml:59:13-65
76-->src/main/AndroidManifest.xml:59:21-62
77
78            <data android:scheme="phonepe" />
78-->src/main/AndroidManifest.xml:60:13-42
78-->src/main/AndroidManifest.xml:60:19-39
79        </intent>
80        <intent>
80-->src/main/AndroidManifest.xml:70:9-73:18
81            <action android:name="android.intent.action.VIEW" />
81-->src/main/AndroidManifest.xml:59:13-65
81-->src/main/AndroidManifest.xml:59:21-62
82
83            <data android:scheme="tez" />
83-->src/main/AndroidManifest.xml:60:13-42
83-->src/main/AndroidManifest.xml:60:19-39
84        </intent>
85
86        <package android:name="com.phonepe.simulator" />
86-->[phonepe.intentsdk.android.release:IntentSDK:5.3.0] AndroidManifest.xml:9:9-57
86-->[phonepe.intentsdk.android.release:IntentSDK:5.3.0] AndroidManifest.xml:9:18-54
87
88        <intent>
88-->[phonepe.intentsdk.android.release:IntentSDK:5.3.0] AndroidManifest.xml:11:9-17:18
89            <action android:name="android.intent.action.VIEW" />
89-->src/main/AndroidManifest.xml:59:13-65
89-->src/main/AndroidManifest.xml:59:21-62
90
91            <data
91-->src/main/AndroidManifest.xml:60:13-42
92                android:host="pay"
92-->src/main/AndroidManifest.xml:120:21-51
93                android:scheme="upi" />
93-->src/main/AndroidManifest.xml:60:19-39
94        </intent>
95        <intent>
95-->[phonepe.intentsdk.android.release:IntentSDK:5.3.0] AndroidManifest.xml:18:9-24:18
96            <action android:name="android.intent.action.VIEW" />
96-->src/main/AndroidManifest.xml:59:13-65
96-->src/main/AndroidManifest.xml:59:21-62
97
98            <data
98-->src/main/AndroidManifest.xml:60:13-42
99                android:host="upi"
99-->src/main/AndroidManifest.xml:120:21-51
100                android:scheme="mandate" />
100-->src/main/AndroidManifest.xml:60:19-39
101        </intent>
102    </queries>
103
104    <meta-data
104-->[phonepe.intentsdk.android.release:IntentSDK:5.3.0] AndroidManifest.xml:30:5-32:32
105        android:name="android.webkit.WebView.EnableSafeBrowsing"
105-->[phonepe.intentsdk.android.release:IntentSDK:5.3.0] AndroidManifest.xml:31:9-65
106        android:value="true" /> <!-- Required by older versions of Google Play services to create IID tokens -->
106-->[phonepe.intentsdk.android.release:IntentSDK:5.3.0] AndroidManifest.xml:32:9-29
107    <uses-permission android:name="com.google.android.c2dm.permission.RECEIVE" />
107-->[com.google.firebase:firebase-messaging:24.0.0] AndroidManifest.xml:26:5-82
107-->[com.google.firebase:firebase-messaging:24.0.0] AndroidManifest.xml:26:22-79
108    <uses-permission android:name="com.google.android.finsky.permission.BIND_GET_INSTALL_REFERRER_SERVICE" />
108-->[com.google.android.gms:play-services-measurement:22.0.1] AndroidManifest.xml:26:5-110
108-->[com.google.android.gms:play-services-measurement:22.0.1] AndroidManifest.xml:26:22-107
109    <uses-permission android:name="com.google.android.gms.permission.AD_ID" />
109-->[com.google.android.gms:play-services-measurement-api:22.0.1] AndroidManifest.xml:25:5-79
109-->[com.google.android.gms:play-services-measurement-api:22.0.1] AndroidManifest.xml:25:22-76
110    <uses-permission android:name="android.permission.ACCESS_ADSERVICES_ATTRIBUTION" />
110-->[com.google.android.gms:play-services-measurement-api:22.0.1] AndroidManifest.xml:26:5-88
110-->[com.google.android.gms:play-services-measurement-api:22.0.1] AndroidManifest.xml:26:22-85
111    <uses-permission android:name="android.permission.ACCESS_ADSERVICES_AD_ID" />
111-->[com.google.android.gms:play-services-measurement-api:22.0.1] AndroidManifest.xml:27:5-82
111-->[com.google.android.gms:play-services-measurement-api:22.0.1] AndroidManifest.xml:27:22-79
112
113    <permission
113-->[androidx.core:core:1.13.1] AndroidManifest.xml:22:5-24:47
114        android:name="com.astroluna.DYNAMIC_RECEIVER_NOT_EXPORTED_PERMISSION"
114-->[androidx.core:core:1.13.1] AndroidManifest.xml:23:9-81
115        android:protectionLevel="signature" />
115-->[androidx.core:core:1.13.1] AndroidManifest.xml:24:9-44
116
117    <uses-permission android:name="com.astroluna.DYNAMIC_RECEIVER_NOT_EXPORTED_PERMISSION" />
117-->[androidx.core:core:1.13.1] AndroidManifest.xml:26:5-97
117-->[androidx.core:core:1.13.1] AndroidManifest.xml:26:22-94
118
119    <application
119-->src/main/AndroidManifest.xml:76:5-241:19
120        android:name="com.astroluna.AstrologerApp"
120-->src/main/AndroidManifest.xml:83:9-38
121        android:allowBackup="true"
121-->src/main/AndroidManifest.xml:77:9-35
122        android:appComponentFactory="androidx.core.app.CoreComponentFactory"
122-->[androidx.core:core:1.13.1] AndroidManifest.xml:28:18-86
123        android:extractNativeLibs="false"
124        android:icon="@mipmap/ic_launcher"
124-->src/main/AndroidManifest.xml:78:9-43
125        android:label="@string/app_name"
125-->src/main/AndroidManifest.xml:79:9-41
126        android:networkSecurityConfig="@xml/network_security_config"
126-->src/main/AndroidManifest.xml:84:9-69
127        android:roundIcon="@mipmap/ic_launcher_round"
127-->src/main/AndroidManifest.xml:80:9-54
128        android:supportsRtl="true"
128-->src/main/AndroidManifest.xml:81:9-35
129        android:theme="@style/Theme.FCMCallApp" >
129-->src/main/AndroidManifest.xml:82:9-48
130
131        <!--
132            MainActivity: Entry point for user registration
133            - Standard launch mode
134            - Shown in launcher
135        -->
136        <activity
136-->src/main/AndroidManifest.xml:92:9-100:20
137            android:name="com.astroluna.MainActivity"
137-->src/main/AndroidManifest.xml:93:13-41
138            android:exported="true"
138-->src/main/AndroidManifest.xml:94:13-36
139            android:theme="@style/Theme.FCMCallApp" >
139-->src/main/AndroidManifest.xml:95:13-52
140            <intent-filter>
140-->src/main/AndroidManifest.xml:96:13-99:29
141                <action android:name="android.intent.action.MAIN" />
141-->src/main/AndroidManifest.xml:97:17-69
141-->src/main/AndroidManifest.xml:97:25-66
142
143                <category android:name="android.intent.category.LAUNCHER" />
143-->src/main/AndroidManifest.xml:98:17-77
143-->src/main/AndroidManifest.xml:98:27-74
144            </intent-filter>
145        </activity>
146        <activity android:name="com.astroluna.ui.guest.GuestDashboardActivity" />
146-->src/main/AndroidManifest.xml:102:9-69
146-->src/main/AndroidManifest.xml:102:19-66
147        <activity android:name="com.astroluna.ui.academy.AcademyActivity" />
147-->src/main/AndroidManifest.xml:103:9-64
147-->src/main/AndroidManifest.xml:103:19-61
148        <activity android:name="com.astroluna.ui.horoscope.FreeHoroscopeActivity" />
148-->src/main/AndroidManifest.xml:104:9-72
148-->src/main/AndroidManifest.xml:104:19-69
149        <activity android:name="com.astroluna.ui.astro.AstrologerDashboardActivity" />
149-->src/main/AndroidManifest.xml:105:9-74
149-->src/main/AndroidManifest.xml:105:19-71
150        <activity android:name="com.astroluna.ui.astro.AstrologerHistoryActivity" />
150-->src/main/AndroidManifest.xml:106:9-72
150-->src/main/AndroidManifest.xml:106:19-69
151        <activity
151-->src/main/AndroidManifest.xml:107:9-143
152            android:name="com.astroluna.ui.admin.SuperPowerAdminDashboardActivity"
152-->src/main/AndroidManifest.xml:107:19-76
153            android:exported="false"
153-->src/main/AndroidManifest.xml:107:77-101
154            android:theme="@style/Theme.FCMCallApp" />
154-->src/main/AndroidManifest.xml:107:102-141
155        <activity android:name="com.astroluna.ui.settings.SettingsActivity" />
155-->src/main/AndroidManifest.xml:108:9-66
155-->src/main/AndroidManifest.xml:108:19-63
156        <activity android:name="com.astroluna.ui.settings.ThemeSettingsActivity" />
156-->src/main/AndroidManifest.xml:109:9-71
156-->src/main/AndroidManifest.xml:109:19-68
157        <activity android:name="com.astroluna.ui.rasipalan.RasipalanActivity" />
157-->src/main/AndroidManifest.xml:110:9-68
157-->src/main/AndroidManifest.xml:110:19-65
158        <activity android:name="com.astroluna.ui.dashboard.GuestActivity" />
158-->src/main/AndroidManifest.xml:111:9-64
158-->src/main/AndroidManifest.xml:111:19-61
159        <activity
159-->src/main/AndroidManifest.xml:112:9-122:20
160            android:name="com.astroluna.ui.payment.PaymentActivity"
160-->src/main/AndroidManifest.xml:112:19-61
161            android:exported="true" >
161-->src/main/AndroidManifest.xml:113:13-36
162            <intent-filter>
162-->src/main/AndroidManifest.xml:114:13-121:29
163                <action android:name="android.intent.action.VIEW" />
163-->src/main/AndroidManifest.xml:59:13-65
163-->src/main/AndroidManifest.xml:59:21-62
164
165                <category android:name="android.intent.category.DEFAULT" />
165-->src/main/AndroidManifest.xml:116:17-75
165-->src/main/AndroidManifest.xml:116:27-73
166                <category android:name="android.intent.category.BROWSABLE" />
166-->src/main/AndroidManifest.xml:117:17-77
166-->src/main/AndroidManifest.xml:117:27-75
167
168                <data
168-->src/main/AndroidManifest.xml:60:13-42
169                    android:host="payment-success"
169-->src/main/AndroidManifest.xml:120:21-51
170                    android:scheme="astroluna" />
170-->src/main/AndroidManifest.xml:60:19-39
171            </intent-filter>
172        </activity>
173        <activity android:name="com.astroluna.ui.auth.LoginActivity" />
173-->src/main/AndroidManifest.xml:123:9-59
173-->src/main/AndroidManifest.xml:123:19-56
174        <activity android:name="com.astroluna.ui.auth.OtpVerificationActivity" />
174-->src/main/AndroidManifest.xml:124:9-69
174-->src/main/AndroidManifest.xml:124:19-66
175        <activity android:name="com.astroluna.ui.home.HomeActivity" />
175-->src/main/AndroidManifest.xml:125:9-58
175-->src/main/AndroidManifest.xml:125:19-55
176        <activity android:name="com.astroluna.ui.wallet.WalletActivity" />
176-->src/main/AndroidManifest.xml:126:9-62
176-->src/main/AndroidManifest.xml:126:19-59
177        <activity
177-->src/main/AndroidManifest.xml:127:9-100
178            android:name="com.astroluna.ui.chat.ChatActivity"
178-->src/main/AndroidManifest.xml:127:19-55
179            android:windowSoftInputMode="adjustResize" />
179-->src/main/AndroidManifest.xml:127:56-98
180        <activity
180-->src/main/AndroidManifest.xml:128:9-94
181            android:name="com.astroluna.ui.call.CallActivity"
181-->src/main/AndroidManifest.xml:128:19-55
182            android:screenOrientation="portrait" />
182-->src/main/AndroidManifest.xml:128:56-92
183        <activity
183-->src/main/AndroidManifest.xml:129:9-142
184            android:name="com.astroluna.ui.intake.IntakeActivity"
184-->src/main/AndroidManifest.xml:129:19-59
185            android:screenOrientation="portrait"
185-->src/main/AndroidManifest.xml:129:60-96
186            android:windowSoftInputMode="adjustResize" />
186-->src/main/AndroidManifest.xml:129:97-139
187        <activity
187-->src/main/AndroidManifest.xml:130:9-133:58
188            android:name="com.astroluna.ui.chart.ChartDisplayActivity"
188-->src/main/AndroidManifest.xml:130:19-64
189            android:screenOrientation="portrait"
189-->src/main/AndroidManifest.xml:132:13-49
190            android:theme="@style/Theme.AppCompat.Light.NoActionBar"
190-->src/main/AndroidManifest.xml:131:13-69
191            android:windowSoftInputMode="adjustResize" />
191-->src/main/AndroidManifest.xml:133:13-55
192        <activity
192-->src/main/AndroidManifest.xml:135:9-138:58
193            android:name="com.astroluna.ui.chart.VipChartActivity"
193-->src/main/AndroidManifest.xml:135:19-60
194            android:screenOrientation="portrait"
194-->src/main/AndroidManifest.xml:137:13-49
195            android:theme="@style/Theme.AppCompat.Light.NoActionBar"
195-->src/main/AndroidManifest.xml:136:13-69
196            android:windowSoftInputMode="adjustResize" />
196-->src/main/AndroidManifest.xml:138:13-55
197        <activity
197-->src/main/AndroidManifest.xml:140:9-142:51
198            android:name="com.astroluna.ui.chart.MatchDisplayActivity"
198-->src/main/AndroidManifest.xml:140:19-64
199            android:screenOrientation="portrait"
199-->src/main/AndroidManifest.xml:142:13-49
200            android:theme="@style/Theme.AppCompat.Light.NoActionBar" />
200-->src/main/AndroidManifest.xml:141:13-69
201        <activity
201-->src/main/AndroidManifest.xml:144:9-145:55
202            android:name="com.astroluna.ui.city.CitySearchActivity"
202-->src/main/AndroidManifest.xml:144:19-61
203            android:theme="@style/Theme.FCMCallApp" />
203-->src/main/AndroidManifest.xml:145:13-52
204        <activity
204-->src/main/AndroidManifest.xml:147:9-158:20
205            android:name="com.astroluna.ui.wallet.PaymentStatusActivity"
205-->src/main/AndroidManifest.xml:148:13-60
206            android:exported="true"
206-->src/main/AndroidManifest.xml:149:13-36
207            android:launchMode="singleTask"
207-->src/main/AndroidManifest.xml:150:13-44
208            android:theme="@style/Theme.FCMCallApp" >
208-->src/main/AndroidManifest.xml:151:13-52
209            <intent-filter>
209-->src/main/AndroidManifest.xml:152:13-157:29
210                <action android:name="android.intent.action.VIEW" />
210-->src/main/AndroidManifest.xml:59:13-65
210-->src/main/AndroidManifest.xml:59:21-62
211
212                <category android:name="android.intent.category.DEFAULT" />
212-->src/main/AndroidManifest.xml:116:17-75
212-->src/main/AndroidManifest.xml:116:27-73
213                <category android:name="android.intent.category.BROWSABLE" />
213-->src/main/AndroidManifest.xml:117:17-77
213-->src/main/AndroidManifest.xml:117:27-75
214
215                <data android:scheme="astroluna" />
215-->src/main/AndroidManifest.xml:60:13-42
215-->src/main/AndroidManifest.xml:60:19-39
216            </intent-filter>
217        </activity>
218
219        <!--
220            IncomingCallActivity: Full-screen incoming call UI
221
222            WHY THESE FLAGS ARE CRITICAL:
223            - showWhenLocked: Shows activity even when device is locked
224            - turnScreenOn: Turns on the screen when activity starts
225            - excludeFromRecents: Don't show in recent apps (it's a transient UI)
226            - noHistory: Don't keep in activity stack
227            - launchMode="singleInstance": Only one instance, brings existing to front
228
229            Without these flags, the incoming call UI won't show on locked devices!
230        -->
231        <activity
231-->src/main/AndroidManifest.xml:172:9-181:66
232            android:name="com.astroluna.IncomingCallActivity"
232-->src/main/AndroidManifest.xml:173:13-49
233            android:excludeFromRecents="true"
233-->src/main/AndroidManifest.xml:177:13-46
234            android:exported="false"
234-->src/main/AndroidManifest.xml:174:13-37
235            android:launchMode="singleInstance"
235-->src/main/AndroidManifest.xml:179:13-48
236            android:noHistory="true"
236-->src/main/AndroidManifest.xml:178:13-37
237            android:showWhenLocked="true"
237-->src/main/AndroidManifest.xml:175:13-42
238            android:taskAffinity=""
238-->src/main/AndroidManifest.xml:180:13-36
239            android:theme="@style/Theme.FCMCallApp.FullScreen"
239-->src/main/AndroidManifest.xml:181:13-63
240            android:turnScreenOn="true" />
240-->src/main/AndroidManifest.xml:176:13-40
241
242        <!--
243            FCMService: Handles incoming FCM messages
244
245            WHY THIS IS THE KEY COMPONENT:
246            - This service receives FCM messages even when app is killed
247            - Android's FCM infrastructure has special permission to wake apps
248            - Without this, you cannot receive calls when app is not running
249
250            The exported="false" with MESSAGING_EVENT filter is the correct pattern.
251        -->
252        <service
252-->src/main/AndroidManifest.xml:193:9-199:19
253            android:name="com.astroluna.FCMService"
253-->src/main/AndroidManifest.xml:194:13-39
254            android:exported="false" >
254-->src/main/AndroidManifest.xml:195:13-37
255            <intent-filter>
255-->src/main/AndroidManifest.xml:196:13-198:29
256                <action android:name="com.google.firebase.MESSAGING_EVENT" />
256-->src/main/AndroidManifest.xml:197:17-78
256-->src/main/AndroidManifest.xml:197:25-75
257            </intent-filter>
258        </service>
259
260        <!--
261            CallForegroundService: Keeps call processing alive
262
263            WHY THIS MATTERS:
264            - Android can kill any activity/service at any time
265            - Foreground services have higher priority and show persistent notification
266            - foregroundServiceType="phoneCall" tells Android this is a call
267            - Without this, your call handling might be killed mid-process
268        -->
269        <service
269-->src/main/AndroidManifest.xml:210:9-213:68
270            android:name="com.astroluna.CallForegroundService"
270-->src/main/AndroidManifest.xml:211:13-50
271            android:exported="false"
271-->src/main/AndroidManifest.xml:212:13-37
272            android:foregroundServiceType="phoneCall|microphone" />
272-->src/main/AndroidManifest.xml:213:13-65
273
274        <!-- Required meta-data for FCM default notification channel -->
275        <meta-data
275-->src/main/AndroidManifest.xml:216:9-218:46
276            android:name="com.google.firebase.messaging.default_notification_channel_id"
276-->src/main/AndroidManifest.xml:217:13-89
277            android:value="incoming_calls" />
277-->src/main/AndroidManifest.xml:218:13-43
278
279        <activity
279-->src/main/AndroidManifest.xml:220:9-224:54
280            android:name="com.astroluna.ui.profile.AstrologerProfileActivity"
280-->src/main/AndroidManifest.xml:221:13-65
281            android:exported="false"
281-->src/main/AndroidManifest.xml:223:13-37
282            android:screenOrientation="portrait"
282-->src/main/AndroidManifest.xml:222:13-49
283            android:theme="@style/Theme.FCMCallApp" />
283-->src/main/AndroidManifest.xml:224:13-52
284        <activity
284-->src/main/AndroidManifest.xml:226:9-230:54
285            android:name="com.astroluna.ui.profile.UserProfileActivity"
285-->src/main/AndroidManifest.xml:227:13-59
286            android:exported="false"
286-->src/main/AndroidManifest.xml:229:13-37
287            android:screenOrientation="portrait"
287-->src/main/AndroidManifest.xml:228:13-49
288            android:theme="@style/Theme.FCMCallApp" />
288-->src/main/AndroidManifest.xml:230:13-52
289
290        <provider
291            android:name="androidx.core.content.FileProvider"
291-->src/main/AndroidManifest.xml:233:13-62
292            android:authorities="com.astroluna.fileprovider"
292-->src/main/AndroidManifest.xml:234:13-64
293            android:exported="false"
293-->src/main/AndroidManifest.xml:235:13-37
294            android:grantUriPermissions="true" >
294-->src/main/AndroidManifest.xml:236:13-47
295            <meta-data
295-->src/main/AndroidManifest.xml:237:13-239:54
296                android:name="android.support.FILE_PATHS"
296-->src/main/AndroidManifest.xml:238:17-58
297                android:resource="@xml/file_paths" />
297-->src/main/AndroidManifest.xml:239:17-51
298        </provider>
299
300        <activity
300-->[phonepe.intentsdk.android.release:IntentSDK:5.3.0] AndroidManifest.xml:35:9-38:66
301            android:name="com.phonepe.intent.sdk.ui.b2bPg.B2bPgActivity"
301-->[phonepe.intentsdk.android.release:IntentSDK:5.3.0] AndroidManifest.xml:36:13-73
302            android:exported="false"
302-->[phonepe.intentsdk.android.release:IntentSDK:5.3.0] AndroidManifest.xml:37:13-37
303            android:theme="@style/phonepeThemeInvisibleCompat" />
303-->[phonepe.intentsdk.android.release:IntentSDK:5.3.0] AndroidManifest.xml:38:13-63
304
305        <receiver
305-->[com.google.firebase:firebase-messaging:24.0.0] AndroidManifest.xml:29:9-40:20
306            android:name="com.google.firebase.iid.FirebaseInstanceIdReceiver"
306-->[com.google.firebase:firebase-messaging:24.0.0] AndroidManifest.xml:30:13-78
307            android:exported="true"
307-->[com.google.firebase:firebase-messaging:24.0.0] AndroidManifest.xml:31:13-36
308            android:permission="com.google.android.c2dm.permission.SEND" >
308-->[com.google.firebase:firebase-messaging:24.0.0] AndroidManifest.xml:32:13-73
309            <intent-filter>
309-->[com.google.firebase:firebase-messaging:24.0.0] AndroidManifest.xml:33:13-35:29
310                <action android:name="com.google.android.c2dm.intent.RECEIVE" />
310-->[com.google.firebase:firebase-messaging:24.0.0] AndroidManifest.xml:34:17-81
310-->[com.google.firebase:firebase-messaging:24.0.0] AndroidManifest.xml:34:25-78
311            </intent-filter>
312
313            <meta-data
313-->[com.google.firebase:firebase-messaging:24.0.0] AndroidManifest.xml:37:13-39:40
314                android:name="com.google.android.gms.cloudmessaging.FINISHED_AFTER_HANDLED"
314-->[com.google.firebase:firebase-messaging:24.0.0] AndroidManifest.xml:38:17-92
315                android:value="true" />
315-->[com.google.firebase:firebase-messaging:24.0.0] AndroidManifest.xml:39:17-37
316        </receiver>
317        <!--
318             FirebaseMessagingService performs security checks at runtime,
319             but set to not exported to explicitly avoid allowing another app to call it.
320        -->
321        <service
321-->[com.google.firebase:firebase-messaging:24.0.0] AndroidManifest.xml:46:9-53:19
322            android:name="com.google.firebase.messaging.FirebaseMessagingService"
322-->[com.google.firebase:firebase-messaging:24.0.0] AndroidManifest.xml:47:13-82
323            android:directBootAware="true"
323-->[com.google.firebase:firebase-messaging:24.0.0] AndroidManifest.xml:48:13-43
324            android:exported="false" >
324-->[com.google.firebase:firebase-messaging:24.0.0] AndroidManifest.xml:49:13-37
325            <intent-filter android:priority="-500" >
325-->src/main/AndroidManifest.xml:196:13-198:29
326                <action android:name="com.google.firebase.MESSAGING_EVENT" />
326-->src/main/AndroidManifest.xml:197:17-78
326-->src/main/AndroidManifest.xml:197:25-75
327            </intent-filter>
328        </service>
329        <service
329-->[com.google.firebase:firebase-messaging:24.0.0] AndroidManifest.xml:54:9-63:19
330            android:name="com.google.firebase.components.ComponentDiscoveryService"
330-->[com.google.firebase:firebase-messaging:24.0.0] AndroidManifest.xml:55:13-84
331            android:directBootAware="true"
331-->[com.google.firebase:firebase-common:21.0.0] AndroidManifest.xml:32:13-43
332            android:exported="false" >
332-->[com.google.firebase:firebase-messaging:24.0.0] AndroidManifest.xml:56:13-37
333            <meta-data
333-->[com.google.firebase:firebase-messaging:24.0.0] AndroidManifest.xml:57:13-59:85
334                android:name="com.google.firebase.components:com.google.firebase.messaging.FirebaseMessagingKtxRegistrar"
334-->[com.google.firebase:firebase-messaging:24.0.0] AndroidManifest.xml:58:17-122
335                android:value="com.google.firebase.components.ComponentRegistrar" />
335-->[com.google.firebase:firebase-messaging:24.0.0] AndroidManifest.xml:59:17-82
336            <meta-data
336-->[com.google.firebase:firebase-messaging:24.0.0] AndroidManifest.xml:60:13-62:85
337                android:name="com.google.firebase.components:com.google.firebase.messaging.FirebaseMessagingRegistrar"
337-->[com.google.firebase:firebase-messaging:24.0.0] AndroidManifest.xml:61:17-119
338                android:value="com.google.firebase.components.ComponentRegistrar" />
338-->[com.google.firebase:firebase-messaging:24.0.0] AndroidManifest.xml:62:17-82
339            <meta-data
339-->[com.google.android.gms:play-services-measurement-api:22.0.1] AndroidManifest.xml:37:13-39:85